commit f78023dddd3b92c09fde7ad7f6fab3d4248d7fae
Author: Aizhuldyz <aigabbass90@gmail.com>
Date:   Mon May 4 12:52:17 2015 -0500

    Update about.html

commit b729e6339aa2e6640e30377c08a71e8d91a4b41b
Author: Aizhuldyz <aigabbass90@gmail.com>
Date:   Mon May 4 12:46:06 2015 -0500

    Update about.html

commit 44a8d7f3d1ab800d7e20df934950785611487391
Author: Aizhuldyz <aigabbass90@gmail.com>
Date:   Sat May 2 14:09:18 2015 -0500

    Update about.html

commit cf74aef8fdfe141dfb83ad2cccb17b30381a657a
Author: Aizhuldyz <aigabbass90@gmail.com>
Date:   Fri May 1 12:37:23 2015 -0500

    Update about.html

commit f337567198c5ed00408fc6696b7f00d83a6372ff
Author: colindmurray <murray.colin43@gmail.com>
Date:   Thu Apr 30 16:23:47 2015 -0500

    added title to chart

commit 46964fc5ddd293448a8ab668bb699166dc73914a
Author: colindmurray <murray.colin43@gmail.com>
Date:   Tue Apr 28 16:52:31 2015 -0500

    added default values to key

commit b947f9cb4d76b698f68e0fdf052d64a41e50a17e
Author: colindmurray <murray.colin43@gmail.com>
Date:   Tue Apr 28 15:34:08 2015 -0500

    maybe fixed something

commit ffaa393443b880777d15246c945a44db60845e7b
Author: colindmurray <murray.colin43@gmail.com>
Date:   Tue Apr 28 15:31:17 2015 -0500

    maybe fixed something

commit 4dfc6e096433020dc177009c861481c49874c191
Merge: 9b90831 d0f963f
Author: colindmurray <murray.colin43@gmail.com>
Date:   Tue Apr 28 15:25:07 2015 -0500

    Merge branch 'master' of https://github.com/josebigio/cs373-idb

commit d0f963fc8cb2a8610d987259a785716e084b6262
Author: Aizhuldyz <aigabbass90@gmail.com>
Date:   Tue Apr 28 15:25:01 2015 -0500

    Update about.html

commit 9b90831d665a473e31558c5d333cdbb5c5329d81
Author: colindmurray <murray.colin43@gmail.com>
Date:   Tue Apr 28 15:24:55 2015 -0500

    added legend to charts

commit ee31c0caa22999ebef31f51cfce48ba8ff0eaa58
Author: colindmurray <murray.colin43@gmail.com>
Date:   Tue Apr 28 14:39:55 2015 -0500

    just centering the chart a bit:

commit 056e8f2491f1b6cac6e48d06486593034e89b79d
Author: colindmurray <murray.colin43@gmail.com>
Date:   Mon Apr 27 22:51:44 2015 -0500

    testing coloring text based on temp

commit f27e71889cc84b6a84f6c5f63a16384a0bef3395
Author: colindmurray <murray.colin43@gmail.com>
Date:   Mon Apr 27 22:47:53 2015 -0500

    testing coloring text based on temp

commit 793b2765994e43d8c0d81b4613dc8d63d23a4bcb
Author: colindmurray <murray.colin43@gmail.com>
Date:   Mon Apr 27 22:43:07 2015 -0500

    testing coloring text based on temp

commit 6255d04159fe3df139dad328c91b6e7bc6901751
Author: colindmurray <murray.colin43@gmail.com>
Date:   Mon Apr 27 22:39:01 2015 -0500

    testing coloring text based on temp

commit d46f0bbe6a7518fa746f9fd81bcd1a616e1436f2
Author: colindmurray <murray.colin43@gmail.com>
Date:   Mon Apr 27 22:37:18 2015 -0500

    testing coloring text based on temp

commit 295acb24a44f2118254e83f7990e43e3e4e979f5
Author: colindmurray <murray.colin43@gmail.com>
Date:   Mon Apr 27 22:35:56 2015 -0500

    testing coloring text based on temp

commit cd4fbf482421f63c3fb2c9a7232f6622af0f6fe1
Author: colindmurray <murray.colin43@gmail.com>
Date:   Mon Apr 27 22:31:21 2015 -0500

    testing coloring text based on temp

commit 20a863e171227bd8b8acec1519d16d91553eeba3
Author: colindmurray <murray.colin43@gmail.com>
Date:   Mon Apr 27 21:25:17 2015 -0500

    accidently left room temp at 3

commit be205bf63f58ec721dc9911762fe0a8fcc74c147
Author: colindmurray <murray.colin43@gmail.com>
Date:   Mon Apr 27 21:23:18 2015 -0500

    adding charts back to nav-bar

commit 23215fccc7ad4e8a8e1037b4b5d1d9bd1f3ec9c2
Author: colindmurray <murray.colin43@gmail.com>
Date:   Mon Apr 27 21:18:55 2015 -0500

    maybe fixed it!

commit 9092ec0ff55013985876f3133440c9d0cf4241ab
Author: colindmurray <murray.colin43@gmail.com>
Date:   Mon Apr 27 21:16:58 2015 -0500

    maybe fixed something

commit a97ce18ed074eaa8e360402606f9031ddfc2e23d
Author: colindmurray <murray.colin43@gmail.com>
Date:   Mon Apr 27 21:14:55 2015 -0500

    trying something also new

commit cf8fbc936193189bd69d788411365027e4cd402b
Author: colindmurray <murray.colin43@gmail.com>
Date:   Mon Apr 27 21:12:40 2015 -0500

    testing new stuff

commit 1dc3d2a213e36c4e9ae9af2ed5bb2cd9de37223f
Author: colindmurray <murray.colin43@gmail.com>
Date:   Mon Apr 27 21:08:53 2015 -0500

    testing something else

commit e372d40d198bb17a676231a99ee6b669c85ae3aa
Author: colindmurray <murray.colin43@gmail.com>
Date:   Mon Apr 27 21:05:14 2015 -0500

    removing charts from nav bar

commit 69baa9e0f06d2089abe181b447bd80166c697aae
Author: colindmurray <murray.colin43@gmail.com>
Date:   Mon Apr 27 21:03:43 2015 -0500

    idk, back to square 1

commit c1a274b26f21dfff85b179522ce13f47abc3e79a
Author: colindmurray <murray.colin43@gmail.com>
Date:   Mon Apr 27 20:59:57 2015 -0500

    trying idk losing hope

commit 84bd8ccc245859b047774e2c3dd61af27a267300
Author: colindmurray <murray.colin43@gmail.com>
Date:   Mon Apr 27 20:54:15 2015 -0500

    please work!

commit 15c43a337e586e25f9a0a7f1fe37b66ab9b444e2
Author: colindmurray <murray.colin43@gmail.com>
Date:   Mon Apr 27 20:38:01 2015 -0500

    added stuff

commit 0b4cb302a41a6ada8ab44f7e08ac74a5be2a355d
Author: colindmurray <murray.colin43@gmail.com>
Date:   Mon Apr 27 20:35:01 2015 -0500

    trying something new!

commit 4b82003593f7a266503b940306cc61be0b6105fb
Author: colindmurray <murray.colin43@gmail.com>
Date:   Mon Apr 27 20:30:24 2015 -0500

    trying bind variables

commit e037c2f1e9e883953c5f9f887ca79c0a20918d2e
Author: colindmurray <murray.colin43@gmail.com>
Date:   Mon Apr 27 20:27:40 2015 -0500

    testing new thing

commit ada9685f3894e3a35a1cbf2439ba24c628fd7ded
Author: colindmurray <murray.colin43@gmail.com>
Date:   Mon Apr 27 20:21:31 2015 -0500

    testing something new

commit cb1371fc35ed1f22c21d0670d35791e70cfe7c24
Author: colindmurray <murray.colin43@gmail.com>
Date:   Mon Apr 27 20:18:04 2015 -0500

    maybe messed up accessing global variables

commit 89ce135faf6df5886371dbc5138016436375c4a5
Author: colindmurray <murray.colin43@gmail.com>
Date:   Mon Apr 27 20:12:50 2015 -0500

    bleh

commit 962e003136fdfa4f657d7714b9749c5c1aac632a
Author: colindmurray <murray.colin43@gmail.com>
Date:   Mon Apr 27 20:11:00 2015 -0500

    testing refresh thingy

commit c60128c4beddd1913e4b42b4ef8fc20de6522e4c
Author: colindmurray <murray.colin43@gmail.com>
Date:   Mon Apr 27 19:56:49 2015 -0500

    testing something else out

commit 00aa6193444f7246666689c375daff1526f6f76a
Author: colindmurray <murray.colin43@gmail.com>
Date:   Mon Apr 27 19:48:30 2015 -0500

    maybe fixed slider?

commit 8f7c04228bd8680020ead25fda2a50618cd26ce8
Author: colindmurray <murray.colin43@gmail.com>
Date:   Mon Apr 27 19:37:59 2015 -0500

    tweaking chart stuff

commit 5aee3e6dd8bb1aeb7fdeab2b73aeefa5df025f0e
Author: colindmurray <murray.colin43@gmail.com>
Date:   Mon Apr 27 19:28:19 2015 -0500

    testing new slider stuff

commit d643a9cb862b0a9cf4960efdc1b3b109316e88ba
Author: colindmurray <murray.colin43@gmail.com>
Date:   Mon Apr 27 19:25:10 2015 -0500

    added something to change temp on chart page

commit 0ecbc3b28b8da8a1cebbe35de53be696a759c9d0
Merge: 56026dd 13d7c5f
Author: colindmurray <murray.colin43@gmail.com>
Date:   Mon Apr 27 19:16:19 2015 -0500

    Merge branch 'master' of https://github.com/josebigio/cs373-idb

commit 56026dd87319c7e60adea810fb2c2d979d55a0ac
Author: colindmurray <murray.colin43@gmail.com>
Date:   Mon Apr 27 19:16:14 2015 -0500

    slider working

commit 13d7c5f427140d4f0544c07193e63676c5b1d673
Author: tfsyed <tehreemsyed@Tehreems-MacBook-Pro.local>
Date:   Sun Apr 26 00:24:55 2015 -0500

    timeline font color fixed

commit c831cba8c7c78a41820ad1266405b6ace120f3c2
Author: Aizhuldyz <aigabbass90@gmail.com>
Date:   Sat Apr 25 10:23:18 2015 -0500

    Update about.html

commit b344099d7efb4518a217d800d358a25bb974e863
Author: Aizhuldyz Gabbassova <aigabbass90@gmail.com>
Date:   Sat Apr 25 10:18:17 2015 -0500

    added about

commit f0f033ed8dfe0dbf8494d16745b1f6f6125308fd
Author: colindmurray <murray.colin43@gmail.com>
Date:   Thu Apr 23 20:52:33 2015 -0500

    added log

commit 919bee5d71eb9221644a34944afc71724397ce16
Merge: 7b26950 ef4f9bc
Author: colindmurray <murray.colin43@gmail.com>
Date:   Thu Apr 23 20:50:58 2015 -0500

    Merge branch 'master' of https://github.com/josebigio/cs373-idb

commit 7b26950ea8b6ee4882de35646bd14e280485dc97
Author: colindmurray <murray.colin43@gmail.com>
Date:   Thu Apr 23 20:50:46 2015 -0500

    added html folder in base dir

commit ef4f9bc3fc7932c3711b02ae968ad50d13824715
Author: Jose Bigio <sirownsalot@gmail.com>
Date:   Thu Apr 23 20:47:17 2015 -0500

    Update README.md

commit 8527a8023b43c3d2134a7407ab67249764718108
Author: Aizhuldyz <aigabbass90@gmail.com>
Date:   Thu Apr 23 20:44:48 2015 -0500

    Update tests.out

commit 197eddf96010bc81168ad3e6cb5eb01568c96d8e
Author: Aizhuldyz <aigabbass90@gmail.com>
Date:   Thu Apr 23 20:43:04 2015 -0500

    Update about.html

commit 026dd17baee9a76c6fd5f98d0a75223507fcb84a
Author: Aizhuldyz <aigabbass90@gmail.com>
Date:   Thu Apr 23 20:42:18 2015 -0500

    Update about.html

commit 662799f31836dbcda82c778600c93d85a612db2e
Author: josebigio <sirownsalot@gmail.com>
Date:   Fri Apr 24 01:37:30 2015 +0000

    added documentation
