0 info it worked if it ends with ok
1 verbose cli [ 'node', '/usr/local/bin/npm', 'install', '-g', 'less' ]
2 info using npm@2.5.1
3 info using node@v0.12.0
4 silly cache add args [ 'less', null ]
5 verbose cache add spec less
6 silly cache add parsed spec { raw: 'less',
6 silly cache add   scope: null,
6 silly cache add   name: 'less',
6 silly cache add   rawSpec: '',
6 silly cache add   spec: '*',
6 silly cache add   type: 'range' }
7 verbose addNamed less@*
8 silly addNamed semver.valid null
9 silly addNamed semver.validRange *
10 silly addNameRange { name: 'less', range: '*', hasData: false }
11 silly mapToRegistry name less
12 silly mapToRegistry using default registry
13 silly mapToRegistry registry https://registry.npmjs.org/
14 silly mapToRegistry uri https://registry.npmjs.org/less
15 verbose addNameRange registry:https://registry.npmjs.org/less not in flight; fetching
16 verbose request uri https://registry.npmjs.org/less
17 verbose request no auth needed
18 info attempt registry request try #1 at 11:26:51 PM
19 verbose request id 2b05cae120ae6267
20 verbose etag "5ZJ0TFZOPUMM6PNBU1CCTCXBN"
21 http request GET https://registry.npmjs.org/less
22 http 200 https://registry.npmjs.org/less
23 silly get cb [ 200,
23 silly get   { date: 'Mon, 06 Apr 2015 04:26:51 GMT',
23 silly get     server: 'CouchDB/1.5.0 (Erlang OTP/R16B03)',
23 silly get     etag: '"BQWU2NK2BKEJ2DWZJ7H4HTTOX"',
23 silly get     'content-type': 'application/json',
23 silly get     'cache-control': 'max-age=60',
23 silly get     'content-length': '90664',
23 silly get     'accept-ranges': 'bytes',
23 silly get     via: '1.1 varnish',
23 silly get     age: '0',
23 silly get     'x-served-by': 'cache-ord1731-ORD',
23 silly get     'x-cache': 'HIT',
23 silly get     'x-cache-hits': '1',
23 silly get     'x-timer': 'S1428294411.535008,VS0,VE66',
23 silly get     vary: 'Accept',
23 silly get     'keep-alive': 'timeout=10, max=50',
23 silly get     connection: 'Keep-Alive' } ]
24 verbose get saving less to /Users/tehreemsyed/.npm/registry.npmjs.org/less/.cache.json
25 silly addNameRange number 2 { name: 'less', range: '*', hasData: true }
26 silly addNameRange versions [ 'less',
26 silly addNameRange   [ '1.0.10',
26 silly addNameRange     '1.0.11',
26 silly addNameRange     '1.0.14',
26 silly addNameRange     '1.0.18',
26 silly addNameRange     '1.0.19',
26 silly addNameRange     '1.0.21',
26 silly addNameRange     '1.0.32',
26 silly addNameRange     '1.0.36',
26 silly addNameRange     '1.0.5',
26 silly addNameRange     '1.0.40',
26 silly addNameRange     '1.0.41',
26 silly addNameRange     '1.0.44',
26 silly addNameRange     '1.1.0',
26 silly addNameRange     '1.1.1',
26 silly addNameRange     '1.1.2',
26 silly addNameRange     '1.1.4',
26 silly addNameRange     '1.1.5',
26 silly addNameRange     '1.1.6',
26 silly addNameRange     '1.2.0',
26 silly addNameRange     '1.2.1',
26 silly addNameRange     '1.2.2',
26 silly addNameRange     '1.3.0',
26 silly addNameRange     '1.3.1',
26 silly addNameRange     '1.3.2',
26 silly addNameRange     '1.3.3',
26 silly addNameRange     '1.4.0-b1',
26 silly addNameRange     '1.4.0-b2',
26 silly addNameRange     '1.4.0-b3',
26 silly addNameRange     '1.4.0-b4',
26 silly addNameRange     '1.4.0',
26 silly addNameRange     '1.4.1',
26 silly addNameRange     '1.4.2',
26 silly addNameRange     '1.5.0-b1',
26 silly addNameRange     '1.5.0-b2',
26 silly addNameRange     '1.5.0-b3',
26 silly addNameRange     '1.5.0-b4',
26 silly addNameRange     '1.5.0',
26 silly addNameRange     '1.5.1',
26 silly addNameRange     '1.6.0',
26 silly addNameRange     '1.6.1',
26 silly addNameRange     '1.6.2',
26 silly addNameRange     '1.6.3',
26 silly addNameRange     '1.7.0',
26 silly addNameRange     '1.7.1',
26 silly addNameRange     '1.7.3',
26 silly addNameRange     '1.7.4',
26 silly addNameRange     '1.7.5',
26 silly addNameRange     '2.0.0-b1',
26 silly addNameRange     '2.0.0-b2',
26 silly addNameRange     '2.0.0-b3',
26 silly addNameRange     '2.0.0',
26 silly addNameRange     '2.1.0',
26 silly addNameRange     '2.1.1',
26 silly addNameRange     '2.1.2',
26 silly addNameRange     '2.2.0',
26 silly addNameRange     '2.3.0',
26 silly addNameRange     '2.3.1',
26 silly addNameRange     '2.4.0',
26 silly addNameRange     '2.5.0' ] ]
27 verbose addNamed less@2.5.0
28 silly addNamed semver.valid 2.5.0
29 silly addNamed semver.validRange 2.5.0
30 silly cache afterAdd less@2.5.0
31 verbose afterAdd /Users/tehreemsyed/.npm/less/2.5.0/package/package.json not in flight; writing
32 verbose afterAdd /Users/tehreemsyed/.npm/less/2.5.0/package/package.json written
33 silly install resolved [ { name: 'less',
33 silly install resolved     version: '2.5.0',
33 silly install resolved     description: 'Leaner CSS',
33 silly install resolved     homepage: 'http://lesscss.org',
33 silly install resolved     author: { name: 'Alexis Sellier', email: 'self@cloudhead.net' },
33 silly install resolved     contributors: [ [Object] ],
33 silly install resolved     bugs: { url: 'https://github.com/less/less.js/issues' },
33 silly install resolved     repository: { type: 'git', url: 'https://github.com/less/less.js.git' },
33 silly install resolved     licenses: [ [Object] ],
33 silly install resolved     bin: { lessc: './bin/lessc' },
33 silly install resolved     main: 'index',
33 silly install resolved     directories: { test: './test' },
33 silly install resolved     jam: { main: './dist/less.js' },
33 silly install resolved     browser: './dist/less.js',
33 silly install resolved     engines: { node: '>=0.10.0' },
33 silly install resolved     scripts: { test: 'grunt test' },
33 silly install resolved     optionalDependencies:
33 silly install resolved      { errno: '^0.1.1',
33 silly install resolved        'graceful-fs': '^3.0.5',
33 silly install resolved        'image-size': '~0.3.5',
33 silly install resolved        mime: '^1.2.11',
33 silly install resolved        mkdirp: '^0.5.0',
33 silly install resolved        promise: '^6.0.1',
33 silly install resolved        request: '^2.51.0',
33 silly install resolved        'source-map': '^0.4.2' },
33 silly install resolved     devDependencies:
33 silly install resolved      { diff: '^1.0',
33 silly install resolved        grunt: '^0.4.5',
33 silly install resolved        'grunt-contrib-clean': '^0.6.0',
33 silly install resolved        'grunt-contrib-concat': '^0.5.0',
33 silly install resolved        'grunt-contrib-connect': '^0.9.0',
33 silly install resolved        'grunt-contrib-jasmine': '^0.8.2',
33 silly install resolved        'grunt-contrib-jshint': '^0.11.0',
33 silly install resolved        'grunt-contrib-uglify': '^0.8.0',
33 silly install resolved        'grunt-jscs': '^1.6.0',
33 silly install resolved        'grunt-shell': '^1.1.1',
33 silly install resolved        'grunt-browserify': '~3.5.0',
33 silly install resolved        'jit-grunt': '^0.9.1',
33 silly install resolved        'time-grunt': '^1.0.0',
33 silly install resolved        'grunt-saucelabs': '^8.3.2' },
33 silly install resolved     keywords:
33 silly install resolved      [ 'compile less',
33 silly install resolved        'css nesting',
33 silly install resolved        'css variable',
33 silly install resolved        'css',
33 silly install resolved        'gradients css',
33 silly install resolved        'gradients css3',
33 silly install resolved        'less compiler',
33 silly install resolved        'less css',
33 silly install resolved        'less mixins',
33 silly install resolved        'less',
33 silly install resolved        'less.js',
33 silly install resolved        'lesscss',
33 silly install resolved        'mixins',
33 silly install resolved        'nested css',
33 silly install resolved        'parser',
33 silly install resolved        'preprocessor',
33 silly install resolved        'bootstrap css',
33 silly install resolved        'bootstrap less',
33 silly install resolved        'style',
33 silly install resolved        'styles',
33 silly install resolved        'stylesheet',
33 silly install resolved        'variables in css',
33 silly install resolved        'css less' ],
33 silly install resolved     gitHead: '9b7021a309a9010b04ddc89d5fd86f1d2d0b3433',
33 silly install resolved     dependencies:
33 silly install resolved      { errno: '^0.1.1',
33 silly install resolved        'graceful-fs': '^3.0.5',
33 silly install resolved        'image-size': '~0.3.5',
33 silly install resolved        mime: '^1.2.11',
33 silly install resolved        mkdirp: '^0.5.0',
33 silly install resolved        promise: '^6.0.1',
33 silly install resolved        request: '^2.51.0',
33 silly install resolved        'source-map': '^0.4.2' },
33 silly install resolved     _id: 'less@2.5.0',
33 silly install resolved     _shasum: '11d6d611586de6d5f808220649bc9bbfe7ad5e17',
33 silly install resolved     _from: 'less@*',
33 silly install resolved     _npmVersion: '2.5.1',
33 silly install resolved     _nodeVersion: '0.12.1',
33 silly install resolved     _npmUser: { name: 'agatronic', email: 'luke.a.page@gmail.com' },
33 silly install resolved     maintainers: [ [Object], [Object] ],
33 silly install resolved     dist:
33 silly install resolved      { shasum: '11d6d611586de6d5f808220649bc9bbfe7ad5e17',
33 silly install resolved        tarball: 'http://registry.npmjs.org/less/-/less-2.5.0.tgz' },
33 silly install resolved     _resolved: 'https://registry.npmjs.org/less/-/less-2.5.0.tgz',
33 silly install resolved     readme: 'ERROR: No README data found!' } ]
34 info install less@2.5.0 into /usr/local/lib
35 info installOne less@2.5.0
36 verbose installOne of less to /usr/local/lib not in flight; installing
37 verbose lock using /Users/tehreemsyed/.npm/_locks/less-c2213c903e2e7354.lock for /usr/local/lib/node_modules/less
38 silly install write writing less 2.5.0 to /usr/local/lib/node_modules/less
39 silly cache addNamed cb less@2.5.0
40 verbose unbuild lib/node_modules/less
41 verbose gentlyRm vacuuming /usr/local/lib/node_modules/less
42 verbose tar unpack /Users/tehreemsyed/.npm/less/2.5.0/package.tgz
43 verbose tar unpacking to /usr/local/lib/node_modules/less
44 verbose gentlyRm vacuuming /usr/local/lib/node_modules/less
45 silly gunzTarPerm modes [ '755', '644' ]
46 error tar.unpack untar error /Users/tehreemsyed/.npm/less/2.5.0/package.tgz
47 verbose unlock done using /Users/tehreemsyed/.npm/_locks/less-c2213c903e2e7354.lock for /usr/local/lib/node_modules/less
48 verbose fstream_path /usr/local/lib/node_modules/less
49 verbose fstream_type Directory
50 verbose fstream_class DirWriter
51 verbose stack Error: EACCES, mkdir '/usr/local/lib/node_modules/less'
51 verbose stack     at Error (native)
52 verbose fstream_stack /usr/local/lib/node_modules/npm/node_modules/fstream/lib/dir-writer.js:36:23
52 verbose fstream_stack /usr/local/lib/node_modules/npm/node_modules/mkdirp/index.js:46:53
52 verbose fstream_stack FSReqWrap.oncomplete (fs.js:99:15)
53 verbose cwd /Users/tehreemsyed/Documents/CS373_SWE/cs373-idb
54 error Darwin 14.1.0
55 error argv "node" "/usr/local/bin/npm" "install" "-g" "less"
56 error node v0.12.0
57 error npm  v2.5.1
58 error path /usr/local/lib/node_modules/less
59 error code EACCES
60 error errno -13
61 error Error: EACCES, mkdir '/usr/local/lib/node_modules/less'
61 error     at Error (native)
61 error  { [Error: EACCES, mkdir '/usr/local/lib/node_modules/less']
61 error   errno: -13,
61 error   code: 'EACCES',
61 error   path: '/usr/local/lib/node_modules/less',
61 error   fstream_type: 'Directory',
61 error   fstream_path: '/usr/local/lib/node_modules/less',
61 error   fstream_class: 'DirWriter',
61 error   fstream_stack:
61 error    [ '/usr/local/lib/node_modules/npm/node_modules/fstream/lib/dir-writer.js:36:23',
61 error      '/usr/local/lib/node_modules/npm/node_modules/mkdirp/index.js:46:53',
61 error      'FSReqWrap.oncomplete (fs.js:99:15)' ] }
62 error Please try running this command again as root/Administrator.
63 verbose exit [ -13, true ]
64 verbose unbuild lib/node_modules/less
65 verbose gentlyRm vacuuming /usr/local/lib/node_modules/less
